<?xml version="1.0" encoding="UTF-8"?>
<!-- Generated by org.testng.reporters.JUnitReportReporter -->
<testsuite skipped="0" hostname="sureshs-mbp" name="studentApiTest.LoginTest" tests="1" failures="0" timestamp="2020-05-15T20:02:56 IST" time="0.029" errors="0">
  <testcase name="loginTest" time="0.029" classname="studentApiTest.LoginTest"/>
  <system-out/>
</testsuite> <!-- studentApiTest.LoginTest -->
