<?xml version="1.0" encoding="UTF-8"?>
<!-- Generated by org.testng.reporters.JUnitReportReporter -->
<testsuite skipped="0" hostname="sureshs-mbp" name="baseTest.BaseTest" tests="1" failures="0" timestamp="2020-05-15T14:28:01 IST" time="0.008" errors="0">
  <testcase name="utilsTest" time="0.008" classname="baseTest.BaseTest"/>
  <system-out/>
</testsuite> <!-- baseTest.BaseTest -->
