<?xml version="1.0" encoding="UTF-8"?>
<!-- Generated by org.testng.reporters.JUnitReportReporter -->
<testsuite skipped="0" hostname="sureshs-mbp" name="studentApiTest.PostAPITests" tests="1" failures="0" timestamp="2020-05-15T20:11:00 IST" time="1.194" errors="0">
  <testcase name="validPostAPITest" time="1.194" classname="studentApiTest.PostAPITests"/>
  <system-out/>
</testsuite> <!-- studentApiTest.PostAPITests -->
