<?xml version="1.0" encoding="UTF-8"?>
<!-- Generated by org.testng.reporters.JUnitReportReporter -->
<testsuite skipped="0" hostname="sureshs-mbp" name="studentApiTest.GetAPITests" tests="1" failures="0" timestamp="2020-05-15T18:09:22 IST" time="1.038" errors="0">
  <testcase name="getAPITest" time="1.038" classname="studentApiTest.GetAPITests"/>
  <system-out/>
</testsuite> <!-- studentApiTest.GetAPITests -->
