<?xml version="1.0" encoding="UTF-8"?>
<!-- Generated by org.testng.reporters.JUnitReportReporter -->
<testsuite skipped="0" hostname="sureshs-mbp" name="studentApiTest.SerTest" tests="1" failures="0" timestamp="2020-05-15T19:30:42 IST" time="1.482" errors="0">
  <testcase name="serTest1" time="1.482" classname="studentApiTest.SerTest"/>
  <system-out/>
</testsuite> <!-- studentApiTest.SerTest -->
